<?xml version="1.0" encoding="UTF-8"?>
<testng-results skipped="0" failed="0" total="1" passed="1">
  <reporter-output>
  </reporter-output>
  <suite name="Default suite" duration-ms="7158" started-at="2022-05-12T04:01:15Z" finished-at="2022-05-12T04:01:22Z">
    <groups>
    </groups>
    <test name="Default test" duration-ms="7158" started-at="2022-05-12T04:01:15Z" finished-at="2022-05-12T04:01:22Z">
      <class name="testscripts.TestLoginPage">
        <test-method status="PASS" signature="testVtigerLogin()[pri:0, instance:testscripts.TestLoginPage@7f552bd3]" name="testVtigerLogin" duration-ms="7143" started-at="2022-05-12T09:31:15Z" finished-at="2022-05-12T09:31:22Z">
          <reporter-output>
          </reporter-output>
        </test-method> <!-- testVtigerLogin -->
      </class> <!-- testscripts.TestLoginPage -->
    </test> <!-- Default test -->
  </suite> <!-- Default suite -->
</testng-results>
