<?xml version="1.0" encoding="UTF-8"?>
<testng-results skipped="0" failed="0" ignored="0" total="1" passed="1">
  <reporter-output>
  </reporter-output>
  <suite name="Default suite" duration-ms="44759" started-at="2022-05-02T10:10:50 IST" finished-at="2022-05-02T10:11:35 IST">
    <groups>
    </groups>
    <test name="Default test" duration-ms="44759" started-at="2022-05-02T10:10:50 IST" finished-at="2022-05-02T10:11:35 IST">
      <class name="OpenApplication">
        <test-method status="PASS" signature="GSMArena()[pri:0, instance:OpenApplication@614ddd49]" name="GSMArena" duration-ms="44703" started-at="2022-05-02T10:10:50 IST" finished-at="2022-05-02T10:11:35 IST">
          <reporter-output>
          </reporter-output>
        </test-method> <!-- GSMArena -->
      </class> <!-- OpenApplication -->
    </test> <!-- Default test -->
  </suite> <!-- Default suite -->
</testng-results>
