<?xml version="1.0" encoding="UTF-8"?>
<testng-results skipped="0" failed="0" total="2" passed="2">
  <reporter-output>
  </reporter-output>
  <suite name="Default suite" duration-ms="24663" started-at="2022-05-04T08:04:29Z" finished-at="2022-05-04T08:04:53Z">
    <groups>
    </groups>
    <test name="Default test" duration-ms="24663" started-at="2022-05-04T08:04:29Z" finished-at="2022-05-04T08:04:53Z">
      <class name="sampletest.Screenshot">
        <test-method status="PASS" signature="testScreenShot()[pri:0, instance:sampletest.Screenshot@5762806e]" name="testScreenShot" duration-ms="11219" started-at="2022-05-04T13:34:29Z" finished-at="2022-05-04T13:34:40Z">
          <reporter-output>
          </reporter-output>
        </test-method> <!-- testScreenShot -->
        <test-method status="PASS" signature="testScreenShot2()[pri:0, instance:sampletest.Screenshot@5762806e]" name="testScreenShot2" duration-ms="13413" started-at="2022-05-04T13:34:40Z" finished-at="2022-05-04T13:34:53Z">
          <reporter-output>
          </reporter-output>
        </test-method> <!-- testScreenShot2 -->
      </class> <!-- sampletest.Screenshot -->
    </test> <!-- Default test -->
  </suite> <!-- Default suite -->
</testng-results>
