<?xml version="1.0" encoding="UTF-8"?>
<testng-results skipped="0" failed="0" ignored="0" total="1" passed="1">
  <reporter-output>
  </reporter-output>
  <suite name="Default suite" duration-ms="82545" started-at="2022-05-03T16:08:33 IST" finished-at="2022-05-03T16:09:55 IST">
    <groups>
    </groups>
    <test name="Default test" duration-ms="82545" started-at="2022-05-03T16:08:33 IST" finished-at="2022-05-03T16:09:55 IST">
      <class name="Practice1.FlipkartMenuBytestNG">
        <test-method status="PASS" signature="FlipkartMenu()[pri:0, instance:Practice1.FlipkartMenuBytestNG@2833cc44]" name="FlipkartMenu" duration-ms="82454" started-at="2022-05-03T16:08:33 IST" finished-at="2022-05-03T16:09:55 IST">
          <reporter-output>
          </reporter-output>
        </test-method> <!-- FlipkartMenu -->
      </class> <!-- Practice1.FlipkartMenuBytestNG -->
    </test> <!-- Default test -->
  </suite> <!-- Default suite -->
</testng-results>
